"None" -> "displayDirOnLoadWindow"
"onclick" -> "getForm"
"getForm" -> "updateElementOfIdOfValue"
"getForm" -> "getHashAndTypeOfMfsPath"
"getHashAndTypeOfMfsPath" -> "fetchGetJson"
"getHashAndTypeOfMfsPath" -> "callbackTuple"
"getForm" -> "getFileList"
"None" -> "validate"
"None" -> "displayJson"
"displayJson" -> "deleteActionsAndErrorTexts"
"deleteActionsAndErrorTexts" -> "updateElementOfIdOfValue"
"displayJson" -> "updateElementOfIdOfValue"
"displayJson" -> "deleteAllRowsOfTable"
"displayJson" -> "updateElementOfIdOfValue"
"displayJson" -> "chopMfspath"
"displayJson" -> "baseName"
"displayJson" -> "createHeaderOfTable"
"createHeaderOfTable" -> "createElementTable"
"displayJson" -> "createTableOfEntriesOfMfsDirPath"
"createTableOfEntriesOfMfsDirPath" -> "createElementTable"
"createTableOfEntriesOfMfsDirPath" -> "createPinButtonOfHash"
"createPinButtonOfHash" -> "updatePinButtonOfHash"
"updatePinButtonOfHash" -> "getPinStatus"
"createTableOfEntriesOfMfsDirPath" -> "createElementTable"
"createTableOfEntriesOfMfsDirPath" -> "typeImageOfJsonOfKey"
"typeImageOfJsonOfKey" -> "typeOfJsonOfKey"
"typeImageOfJsonOfKey" -> "imageOfType"
"createTableOfEntriesOfMfsDirPath" -> "createElementTable"
"createTableOfEntriesOfMfsDirPath" -> "createNameButtonOfMfsDirPath"
"createTableOfEntriesOfMfsDirPath" -> "createElementTable"
"createTableOfEntriesOfMfsDirPath" -> "linkIpfsHash"
"createTableOfEntriesOfMfsDirPath" -> "createElementTable"
"createTableOfEntriesOfMfsDirPath" -> "createElementTable"
"createTableOfEntriesOfMfsDirPath" -> "createPinButtonOfHash"
"createPinButtonOfHash" -> "updatePinButtonOfHash"
"updatePinButtonOfHash" -> "getPinStatus"
"createTableOfEntriesOfMfsDirPath" -> "createElementTable"
"createTableOfEntriesOfMfsDirPath" -> "typeImageOfJsonOfKey"
"typeImageOfJsonOfKey" -> "typeOfJsonOfKey"
"typeImageOfJsonOfKey" -> "imageOfType"
"createTableOfEntriesOfMfsDirPath" -> "createElementTable"
"createTableOfEntriesOfMfsDirPath" -> "createNameButtonOfMfsDirPath"
"createTableOfEntriesOfMfsDirPath" -> "createElementTable"
"createTableOfEntriesOfMfsDirPath" -> "linkIpfsHash"
"createTableOfEntriesOfMfsDirPath" -> "createElementTable"
"createTableOfEntriesOfMfsDirPath" -> "createElementTable"
"createTableOfEntriesOfMfsDirPath" -> "createPinButtonOfHash"
"createPinButtonOfHash" -> "updatePinButtonOfHash"
"updatePinButtonOfHash" -> "getPinStatus"
"createTableOfEntriesOfMfsDirPath" -> "createElementTable"
"createTableOfEntriesOfMfsDirPath" -> "typeImageOfJsonOfKey"
"typeImageOfJsonOfKey" -> "typeOfJsonOfKey"
"typeImageOfJsonOfKey" -> "imageOfType"
"createTableOfEntriesOfMfsDirPath" -> "createElementTable"
"createTableOfEntriesOfMfsDirPath" -> "createNameButtonOfMfsDirPath"
"createTableOfEntriesOfMfsDirPath" -> "createElementTable"
"createTableOfEntriesOfMfsDirPath" -> "linkIpfsHash"
"createTableOfEntriesOfMfsDirPath" -> "createElementTable"
"createTableOfEntriesOfMfsDirPath" -> "createElementTable"
"createTableOfEntriesOfMfsDirPath" -> "createPinButtonOfHash"
"createPinButtonOfHash" -> "updatePinButtonOfHash"
"updatePinButtonOfHash" -> "getPinStatus"
"createTableOfEntriesOfMfsDirPath" -> "createElementTable"
"createTableOfEntriesOfMfsDirPath" -> "typeImageOfJsonOfKey"
"typeImageOfJsonOfKey" -> "typeOfJsonOfKey"
"typeImageOfJsonOfKey" -> "imageOfType"
"createTableOfEntriesOfMfsDirPath" -> "createElementTable"
"createTableOfEntriesOfMfsDirPath" -> "createNameButtonOfMfsDirPath"
"createTableOfEntriesOfMfsDirPath" -> "createElementTable"
"createTableOfEntriesOfMfsDirPath" -> "linkIpfsHash"
"createTableOfEntriesOfMfsDirPath" -> "createElementTable"
"createTableOfEntriesOfMfsDirPath" -> "createElementTable"
"createTableOfEntriesOfMfsDirPath" -> "createPinButtonOfHash"
"createPinButtonOfHash" -> "updatePinButtonOfHash"
"updatePinButtonOfHash" -> "getPinStatus"
"createTableOfEntriesOfMfsDirPath" -> "createElementTable"
"createTableOfEntriesOfMfsDirPath" -> "typeImageOfJsonOfKey"
"typeImageOfJsonOfKey" -> "typeOfJsonOfKey"
"typeImageOfJsonOfKey" -> "imageOfType"
"createTableOfEntriesOfMfsDirPath" -> "createElementTable"
"createTableOfEntriesOfMfsDirPath" -> "createNameButtonOfMfsDirPath"
"createTableOfEntriesOfMfsDirPath" -> "createElementTable"
"createTableOfEntriesOfMfsDirPath" -> "linkIpfsHash"
"createTableOfEntriesOfMfsDirPath" -> "createElementTable"
"createTableOfEntriesOfMfsDirPath" -> "createElementTable"
"createTableOfEntriesOfMfsDirPath" -> "createPinButtonOfHash"
"createPinButtonOfHash" -> "updatePinButtonOfHash"
"updatePinButtonOfHash" -> "getPinStatus"
"createTableOfEntriesOfMfsDirPath" -> "createElementTable"
"createTableOfEntriesOfMfsDirPath" -> "typeImageOfJsonOfKey"
"typeImageOfJsonOfKey" -> "typeOfJsonOfKey"
"typeImageOfJsonOfKey" -> "imageOfType"
"createTableOfEntriesOfMfsDirPath" -> "createElementTable"
"createTableOfEntriesOfMfsDirPath" -> "createNameButtonOfMfsDirPath"
"createTableOfEntriesOfMfsDirPath" -> "createElementTable"
"createTableOfEntriesOfMfsDirPath" -> "linkIpfsHash"
"createTableOfEntriesOfMfsDirPath" -> "createElementTable"
"substi" -> "linkIpfsHash"
"substi" -> "updateElementOfIdOfValue"
"onclick" -> "addNameOnInputMfsPath"
"onclick" -> "getForm"
"getForm" -> "updateElementOfIdOfValue"
"getForm" -> "getHashAndTypeOfMfsPath"
"getHashAndTypeOfMfsPath" -> "fetchGetJson"
"getHashAndTypeOfMfsPath" -> "callbackTuple"
"getForm" -> "getFileList"
"None" -> "validate"
"substi" -> "linkIpfsHash"
"substi" -> "updateElementOfIdOfValue"
"None" -> "displayJson"
"displayJson" -> "deleteActionsAndErrorTexts"
"deleteActionsAndErrorTexts" -> "updateElementOfIdOfValue"
"displayJson" -> "updateElementOfIdOfValue"
"displayJson" -> "deleteAllRowsOfTable"
"displayJson" -> "updateElementOfIdOfValue"
"displayJson" -> "chopMfspath"
"displayJson" -> "baseName"
"displayJson" -> "createHeaderOfTable"
"createHeaderOfTable" -> "createElementTable"
"displayJson" -> "createTableOfEntriesOfMfsDirPath"
"createTableOfEntriesOfMfsDirPath" -> "createElementTable"
"createTableOfEntriesOfMfsDirPath" -> "createPinButtonOfHash"
"createPinButtonOfHash" -> "updatePinButtonOfHash"
"updatePinButtonOfHash" -> "getPinStatus"
"createTableOfEntriesOfMfsDirPath" -> "createElementTable"
"createTableOfEntriesOfMfsDirPath" -> "typeImageOfJsonOfKey"
"typeImageOfJsonOfKey" -> "typeOfJsonOfKey"
"typeImageOfJsonOfKey" -> "imageOfType"
"createTableOfEntriesOfMfsDirPath" -> "createElementTable"
"createTableOfEntriesOfMfsDirPath" -> "createNameButtonOfMfsDirPath"
"createTableOfEntriesOfMfsDirPath" -> "createElementTable"
"createTableOfEntriesOfMfsDirPath" -> "linkIpfsHash"
"createTableOfEntriesOfMfsDirPath" -> "createElementTable"
"createTableOfEntriesOfMfsDirPath" -> "createElementTable"
"createTableOfEntriesOfMfsDirPath" -> "createPinButtonOfHash"
"createPinButtonOfHash" -> "updatePinButtonOfHash"
"updatePinButtonOfHash" -> "getPinStatus"
"createTableOfEntriesOfMfsDirPath" -> "createElementTable"
"createTableOfEntriesOfMfsDirPath" -> "typeImageOfJsonOfKey"
"typeImageOfJsonOfKey" -> "typeOfJsonOfKey"
"typeImageOfJsonOfKey" -> "imageOfType"
"createTableOfEntriesOfMfsDirPath" -> "createElementTable"
"createTableOfEntriesOfMfsDirPath" -> "createNameButtonOfMfsDirPath"
"createTableOfEntriesOfMfsDirPath" -> "createElementTable"
"createTableOfEntriesOfMfsDirPath" -> "linkIpfsHash"
"createTableOfEntriesOfMfsDirPath" -> "createElementTable"
"createTableOfEntriesOfMfsDirPath" -> "createElementTable"
"createTableOfEntriesOfMfsDirPath" -> "createPinButtonOfHash"
"createPinButtonOfHash" -> "updatePinButtonOfHash"
"updatePinButtonOfHash" -> "getPinStatus"
"createTableOfEntriesOfMfsDirPath" -> "createElementTable"
"createTableOfEntriesOfMfsDirPath" -> "typeImageOfJsonOfKey"
"typeImageOfJsonOfKey" -> "typeOfJsonOfKey"
"typeImageOfJsonOfKey" -> "imageOfType"
"createTableOfEntriesOfMfsDirPath" -> "createElementTable"
"createTableOfEntriesOfMfsDirPath" -> "createNameButtonOfMfsDirPath"
"createTableOfEntriesOfMfsDirPath" -> "createElementTable"
"createTableOfEntriesOfMfsDirPath" -> "linkIpfsHash"
"createTableOfEntriesOfMfsDirPath" -> "createElementTable"
"onclick" -> "displayFileOptions"
"displayFileOptions" -> "createTableForFileOfNameOfHash"
"createTableForFileOfNameOfHash" -> "updateElementOfIdOfValue"
"createTableForFileOfNameOfHash" -> "deleteAllRowsOfTable"
"createTableForFileOfNameOfHash" -> "createHeaderOfTable"
"createHeaderOfTable" -> "createElementTable"
"createTableForFileOfNameOfHash" -> "createElementTable"
"createTableForFileOfNameOfHash" -> "createPinButtonOfHash"
"createPinButtonOfHash" -> "updatePinButtonOfHash"
"updatePinButtonOfHash" -> "getPinStatus"
"createTableForFileOfNameOfHash" -> "createElementTable"
"createTableForFileOfNameOfHash" -> "linkIpfsHash"
"createTableForFileOfNameOfHash" -> "createElementTable"
"createTableForFileOfNameOfHash" -> "buttonCopyFile"
"createTableForFileOfNameOfHash" -> "createElementTable"
"createTableForFileOfNameOfHash" -> "buttonModifyFile"
"createTableForFileOfNameOfHash" -> "createElementTable"
"createTableForFileOfNameOfHash" -> "getHash"
"getHash" -> "fetchGetTextCors"
"getHash" -> "callback"
"None" -> "validate"
"result" -> "displayByIdOfTagOfValue"
