"None" -> "displayDirOnLoadWindow";: e.html:171:35
"onclick" -> "getForm";: e.html:181:21
"getForm" -> "updateElementOfIdOfValue";: 2 e.html:796:21
"getForm" -> "getHashAndTypeOfMfsPath";: e.html:950:21
"getHashAndTypeOfMfsPath" -> "fetchGetJson";: e.html:1183:21
"getHashAndTypeOfMfsPath" -> "callbackTuple";: e.html:1137:21
"getForm" -> "getFileList";: e.html:199:21
"substi" -> "linkIpfsHash";: e.html:546:21
"substi" -> "updateElementOfIdOfValue";: 2 e.html:796:21
"None" -> "validate";: e.html:1255:35
"None" -> "displayJson";: e.html:217:35
"displayJson" -> "deleteActionsAndErrorTexts";: e.html:251:21
"deleteActionsAndErrorTexts" -> "updateElementOfIdOfValue";: 3 e.html:796:21
"displayJson" -> "deleteAllRowsOfTable";: e.html:263:21
"displayJson" -> "updateElementOfIdOfValue";: e.html:796:21
"displayJson" -> "createHeaderOfTable";: e.html:278:21
"createHeaderOfTable" -> "createElementTable";: 5 e.html:820:21
"displayJson" -> "createTableOfEntriesOfMfsDirPath";: e.html:297:21
"createTableOfEntriesOfMfsDirPath" -> "createElementTable";: e.html:820:21
"createTableOfEntriesOfMfsDirPath" -> "createPinButtonOfHash";: e.html:326:21
"createPinButtonOfHash" -> "updatePinButtonOfHash";: e.html:366:21
"updatePinButtonOfHash" -> "getPinStatus";: e.html:402:21
"createTableOfEntriesOfMfsDirPath" -> "createElementTable";: e.html:820:21
"createTableOfEntriesOfMfsDirPath" -> "typeImageOfJsonOfKey";: e.html:599:21
"typeImageOfJsonOfKey" -> "typeOfJsonOfKey";: e.html:575:21
"typeImageOfJsonOfKey" -> "imageOfType";: e.html:589:21
"createTableOfEntriesOfMfsDirPath" -> "createElementTable";: e.html:820:21
"createTableOfEntriesOfMfsDirPath" -> "createNameButtonOfMfsDirPath";: e.html:614:21
"createTableOfEntriesOfMfsDirPath" -> "createElementTable";: e.html:820:21
"createTableOfEntriesOfMfsDirPath" -> "linkIpfsHash";: e.html:546:21
"createTableOfEntriesOfMfsDirPath" -> "createElementTable";: e.html:820:21
"createTableOfEntriesOfMfsDirPath" -> "createElementTable";: e.html:820:21
"createTableOfEntriesOfMfsDirPath" -> "createPinButtonOfHash";: e.html:326:21
"createPinButtonOfHash" -> "updatePinButtonOfHash";: e.html:366:21
"updatePinButtonOfHash" -> "getPinStatus";: e.html:402:21
"createTableOfEntriesOfMfsDirPath" -> "createElementTable";: e.html:820:21
"createTableOfEntriesOfMfsDirPath" -> "typeImageOfJsonOfKey";: e.html:599:21
"typeImageOfJsonOfKey" -> "typeOfJsonOfKey";: e.html:575:21
"typeImageOfJsonOfKey" -> "imageOfType";: e.html:589:21
"createTableOfEntriesOfMfsDirPath" -> "createElementTable";: e.html:820:21
"createTableOfEntriesOfMfsDirPath" -> "createNameButtonOfMfsDirPath";: e.html:614:21
"createTableOfEntriesOfMfsDirPath" -> "createElementTable";: e.html:820:21
"createTableOfEntriesOfMfsDirPath" -> "linkIpfsHash";: e.html:546:21
"createTableOfEntriesOfMfsDirPath" -> "createElementTable";: e.html:820:21
"createTableOfEntriesOfMfsDirPath" -> "createElementTable";: e.html:820:21
"createTableOfEntriesOfMfsDirPath" -> "createPinButtonOfHash";: e.html:326:21
"createPinButtonOfHash" -> "updatePinButtonOfHash";: e.html:366:21
"updatePinButtonOfHash" -> "getPinStatus";: e.html:402:21
"createTableOfEntriesOfMfsDirPath" -> "createElementTable";: e.html:820:21
"createTableOfEntriesOfMfsDirPath" -> "typeImageOfJsonOfKey";: e.html:599:21
"typeImageOfJsonOfKey" -> "typeOfJsonOfKey";: e.html:575:21
"typeImageOfJsonOfKey" -> "imageOfType";: e.html:589:21
"createTableOfEntriesOfMfsDirPath" -> "createElementTable";: e.html:820:21
"createTableOfEntriesOfMfsDirPath" -> "createNameButtonOfMfsDirPath";: e.html:614:21
"createTableOfEntriesOfMfsDirPath" -> "createElementTable";: e.html:820:21
"createTableOfEntriesOfMfsDirPath" -> "linkIpfsHash";: e.html:546:21
"createTableOfEntriesOfMfsDirPath" -> "createElementTable";: e.html:820:21
"createTableOfEntriesOfMfsDirPath" -> "createElementTable";: e.html:820:21
"createTableOfEntriesOfMfsDirPath" -> "createPinButtonOfHash";: e.html:326:21
"createPinButtonOfHash" -> "updatePinButtonOfHash";: e.html:366:21
"updatePinButtonOfHash" -> "getPinStatus";: e.html:402:21
"createTableOfEntriesOfMfsDirPath" -> "createElementTable";: e.html:820:21
"createTableOfEntriesOfMfsDirPath" -> "typeImageOfJsonOfKey";: e.html:599:21
"typeImageOfJsonOfKey" -> "typeOfJsonOfKey";: e.html:575:21
"typeImageOfJsonOfKey" -> "imageOfType";: e.html:589:21
"createTableOfEntriesOfMfsDirPath" -> "createElementTable";: e.html:820:21
"createTableOfEntriesOfMfsDirPath" -> "createNameButtonOfMfsDirPath";: e.html:614:21
"createTableOfEntriesOfMfsDirPath" -> "createElementTable";: e.html:820:21
"createTableOfEntriesOfMfsDirPath" -> "linkIpfsHash";: e.html:546:21
"createTableOfEntriesOfMfsDirPath" -> "createElementTable";: e.html:820:21
"createTableOfEntriesOfMfsDirPath" -> "createElementTable";: e.html:820:21
"createTableOfEntriesOfMfsDirPath" -> "createPinButtonOfHash";: e.html:326:21
"createPinButtonOfHash" -> "updatePinButtonOfHash";: e.html:366:21
"updatePinButtonOfHash" -> "getPinStatus";: e.html:402:21
"createTableOfEntriesOfMfsDirPath" -> "createElementTable";: e.html:820:21
"createTableOfEntriesOfMfsDirPath" -> "typeImageOfJsonOfKey";: e.html:599:21
"typeImageOfJsonOfKey" -> "typeOfJsonOfKey";: e.html:575:21
"typeImageOfJsonOfKey" -> "imageOfType";: e.html:589:21
"createTableOfEntriesOfMfsDirPath" -> "createElementTable";: e.html:820:21
"createTableOfEntriesOfMfsDirPath" -> "createNameButtonOfMfsDirPath";: e.html:614:21
"createTableOfEntriesOfMfsDirPath" -> "createElementTable";: e.html:820:21
"createTableOfEntriesOfMfsDirPath" -> "linkIpfsHash";: e.html:546:21
"createTableOfEntriesOfMfsDirPath" -> "createElementTable";: e.html:820:21
"createTableOfEntriesOfMfsDirPath" -> "createElementTable";: e.html:820:21
"createTableOfEntriesOfMfsDirPath" -> "createPinButtonOfHash";: e.html:326:21
"createPinButtonOfHash" -> "updatePinButtonOfHash";: e.html:366:21
"updatePinButtonOfHash" -> "getPinStatus";: e.html:402:21
"createTableOfEntriesOfMfsDirPath" -> "createElementTable";: e.html:820:21
"createTableOfEntriesOfMfsDirPath" -> "typeImageOfJsonOfKey";: e.html:599:21
"typeImageOfJsonOfKey" -> "typeOfJsonOfKey";: e.html:575:21
"typeImageOfJsonOfKey" -> "imageOfType";: e.html:589:21
"createTableOfEntriesOfMfsDirPath" -> "createElementTable";: e.html:820:21
"createTableOfEntriesOfMfsDirPath" -> "createNameButtonOfMfsDirPath";: e.html:614:21
"createTableOfEntriesOfMfsDirPath" -> "createElementTable";: e.html:820:21
"createTableOfEntriesOfMfsDirPath" -> "linkIpfsHash";: e.html:546:21
"createTableOfEntriesOfMfsDirPath" -> "createElementTable";: e.html:820:21
"onclick" -> "addNameOnInputMfsPath";: e.html:770:21
"onclick" -> "getForm";: e.html:181:21
"getForm" -> "updateElementOfIdOfValue";: 2 e.html:796:21
"getForm" -> "getHashAndTypeOfMfsPath";: e.html:950:21
"getHashAndTypeOfMfsPath" -> "fetchGetJson";: e.html:1183:21
"getHashAndTypeOfMfsPath" -> "callbackTuple";: e.html:1137:21
"getForm" -> "getFileList";: e.html:199:21
"substi" -> "linkIpfsHash";: e.html:546:21
"substi" -> "updateElementOfIdOfValue";: 2 e.html:796:21
"None" -> "validate";: e.html:1255:35
"None" -> "displayJson";: e.html:217:35
"displayJson" -> "deleteActionsAndErrorTexts";: e.html:251:21
"deleteActionsAndErrorTexts" -> "updateElementOfIdOfValue";: 3 e.html:796:21
"displayJson" -> "deleteAllRowsOfTable";: e.html:263:21
"displayJson" -> "updateElementOfIdOfValue";: e.html:796:21
"displayJson" -> "createHeaderOfTable";: e.html:278:21
"createHeaderOfTable" -> "createElementTable";: 5 e.html:820:21
"displayJson" -> "createTableOfEntriesOfMfsDirPath";: e.html:297:21
"createTableOfEntriesOfMfsDirPath" -> "createElementTable";: e.html:820:21
"createTableOfEntriesOfMfsDirPath" -> "createPinButtonOfHash";: e.html:326:21
"createPinButtonOfHash" -> "updatePinButtonOfHash";: e.html:366:21
"updatePinButtonOfHash" -> "getPinStatus";: e.html:402:21
"createTableOfEntriesOfMfsDirPath" -> "createElementTable";: e.html:820:21
"createTableOfEntriesOfMfsDirPath" -> "typeImageOfJsonOfKey";: e.html:599:21
"typeImageOfJsonOfKey" -> "typeOfJsonOfKey";: e.html:575:21
"typeImageOfJsonOfKey" -> "imageOfType";: e.html:589:21
"createTableOfEntriesOfMfsDirPath" -> "createElementTable";: e.html:820:21
"createTableOfEntriesOfMfsDirPath" -> "createNameButtonOfMfsDirPath";: e.html:614:21
"createTableOfEntriesOfMfsDirPath" -> "createElementTable";: e.html:820:21
"createTableOfEntriesOfMfsDirPath" -> "linkIpfsHash";: e.html:546:21
"createTableOfEntriesOfMfsDirPath" -> "createElementTable";: e.html:820:21
"createTableOfEntriesOfMfsDirPath" -> "createElementTable";: e.html:820:21
"createTableOfEntriesOfMfsDirPath" -> "createPinButtonOfHash";: e.html:326:21
"createPinButtonOfHash" -> "updatePinButtonOfHash";: e.html:366:21
"updatePinButtonOfHash" -> "getPinStatus";: e.html:402:21
"createTableOfEntriesOfMfsDirPath" -> "createElementTable";: e.html:820:21
"createTableOfEntriesOfMfsDirPath" -> "typeImageOfJsonOfKey";: e.html:599:21
"typeImageOfJsonOfKey" -> "typeOfJsonOfKey";: e.html:575:21
"typeImageOfJsonOfKey" -> "imageOfType";: e.html:589:21
"createTableOfEntriesOfMfsDirPath" -> "createElementTable";: e.html:820:21
"createTableOfEntriesOfMfsDirPath" -> "createNameButtonOfMfsDirPath";: e.html:614:21
"createTableOfEntriesOfMfsDirPath" -> "createElementTable";: e.html:820:21
"createTableOfEntriesOfMfsDirPath" -> "linkIpfsHash";: e.html:546:21
"createTableOfEntriesOfMfsDirPath" -> "createElementTable";: e.html:820:21
"createTableOfEntriesOfMfsDirPath" -> "createElementTable";: e.html:820:21
"createTableOfEntriesOfMfsDirPath" -> "createPinButtonOfHash";: e.html:326:21
"createPinButtonOfHash" -> "updatePinButtonOfHash";: e.html:366:21
"updatePinButtonOfHash" -> "getPinStatus";: e.html:402:21
"createTableOfEntriesOfMfsDirPath" -> "createElementTable";: e.html:820:21
"createTableOfEntriesOfMfsDirPath" -> "typeImageOfJsonOfKey";: e.html:599:21
"typeImageOfJsonOfKey" -> "typeOfJsonOfKey";: e.html:575:21
"typeImageOfJsonOfKey" -> "imageOfType";: e.html:589:21
"createTableOfEntriesOfMfsDirPath" -> "createElementTable";: e.html:820:21
"createTableOfEntriesOfMfsDirPath" -> "createNameButtonOfMfsDirPath";: e.html:614:21
"createTableOfEntriesOfMfsDirPath" -> "createElementTable";: e.html:820:21
"createTableOfEntriesOfMfsDirPath" -> "linkIpfsHash";: e.html:546:21
"createTableOfEntriesOfMfsDirPath" -> "createElementTable";: e.html:820:21
"createTableOfEntriesOfMfsDirPath" -> "createElementTable";: e.html:820:21
"createTableOfEntriesOfMfsDirPath" -> "createPinButtonOfHash";: e.html:326:21
"createPinButtonOfHash" -> "updatePinButtonOfHash";: e.html:366:21
"updatePinButtonOfHash" -> "getPinStatus";: e.html:402:21
"createTableOfEntriesOfMfsDirPath" -> "createElementTable";: e.html:820:21
"createTableOfEntriesOfMfsDirPath" -> "typeImageOfJsonOfKey";: e.html:599:21
"typeImageOfJsonOfKey" -> "typeOfJsonOfKey";: e.html:575:21
"typeImageOfJsonOfKey" -> "imageOfType";: e.html:589:21
"createTableOfEntriesOfMfsDirPath" -> "createElementTable";: e.html:820:21
"createTableOfEntriesOfMfsDirPath" -> "createNameButtonOfMfsDirPath";: e.html:614:21
"createTableOfEntriesOfMfsDirPath" -> "createElementTable";: e.html:820:21
"createTableOfEntriesOfMfsDirPath" -> "linkIpfsHash";: e.html:546:21
"createTableOfEntriesOfMfsDirPath" -> "createElementTable";: e.html:820:21
"onclick" -> "displayFileOptions";: e.html:645:21
"displayFileOptions" -> "createTableForFileOfNameOfHash";: e.html:660:21
"createTableForFileOfNameOfHash" -> "updateElementOfIdOfValue";: e.html:796:21
"createTableForFileOfNameOfHash" -> "deleteAllRowsOfTable";: e.html:263:21
"createTableForFileOfNameOfHash" -> "createHeaderOfTable";: e.html:278:21
"createHeaderOfTable" -> "createElementTable";: 3 e.html:820:21
"createTableForFileOfNameOfHash" -> "createElementTable";: e.html:820:21
"createTableForFileOfNameOfHash" -> "createPinButtonOfHash";: e.html:326:21
"createPinButtonOfHash" -> "updatePinButtonOfHash";: e.html:366:21
"updatePinButtonOfHash" -> "getPinStatus";: e.html:402:21
"createTableForFileOfNameOfHash" -> "createElementTable";: e.html:820:21
"createTableForFileOfNameOfHash" -> "linkIpfsHash";: e.html:546:21
"createTableForFileOfNameOfHash" -> "createElementTable";: 2 e.html:820:21
"createTableForFileOfNameOfHash" -> "buttonCopyFile";: e.html:683:21
"createTableForFileOfNameOfHash" -> "createElementTable";: e.html:820:21
"createTableForFileOfNameOfHash" -> "buttonModifyFile";: e.html:693:21
"createTableForFileOfNameOfHash" -> "createElementTable";: 2 e.html:820:21
"createTableForFileOfNameOfHash" -> "buttonDeleteFile";: e.html:727:21
"createTableForFileOfNameOfHash" -> "createElementTable";: e.html:820:21
"createTableForFileOfNameOfHash" -> "getHash";: e.html:833:21
"getHash" -> "fetchGetTextCors";: e.html:1244:21
"getHash" -> "callback";: e.html:1096:21
"None" -> "validate";: e.html:1255:35
"result" -> "displayByIdOfTagOfValue";: e.html:1154:21
