Entering in displayDirOnLoadWindow e.html:171:35
Entering in getForm called by onclick e.html:180:21
Entering in updateElementOfIdOfValue called by getForm 2 e.html:704:21
Entering in getHashAndTypeOfMfsPath called by getForm e.html:851:21
Entering in fetchGetJson called by getHashAndTypeOfMfsPath e.html:1073:21
Entering in callbackTuple called by getHashAndTypeOfMfsPath e.html:1031:21
Entering in getFileList called by getForm e.html:196:21
Entering in linkIpfsHash called by substi e.html:565:21
Entering in updateElementOfIdOfValue called by substi 2 e.html:704:21
Entering in validate e.hrrtml:1140:35
Entering in displayDirJson e.html:213:35
Entering in deleteActionsAndErrorTexts called by displayDirJson e.html:246:21
Entering in updateElementOfIdOfValue called by deleteActionsAndErrorTexts 4 e.html:704:21
Entering in deleteAllRowsOfTable called by displayDirJson e.html:257:21
Entering in updateElementOfIdOfValue called by displayDirJson e.html:704:21
Entering in createHeaderOfDirTable called by displayDirJson e.html:321:21
Entering in createElementTable called by createHeaderOfDirTable 5 e.html:726:21
Entering in createDirTableOfEntriesOfMfsDirPath called by displayDirJson e.html:335:21
Entering in createElementTable called by createDirTableOfEntriesOfMfsDirPath e.html:726:21
Entering in createPinButtonOfHash called by createDirTableOfEntriesOfMfsDirPath e.html:363:21
Entering in updatePinButtonOfHash called by createPinButtonOfHash e.html:401:21
Entering in getPinStatus called by updatePinButtonOfHash e.html:432:21
Entering in createElementTable called by createDirTableOfEntriesOfMfsDirPath e.html:726:21
Entering in typeImageOfJsonOfKey called by createDirTableOfEntriesOfMfsDirPath e.html:615:21
Entering in typeOfJsonOfKey called by typeImageOfJsonOfKey e.html:593:21
Entering in imageOfType called by typeImageOfJsonOfKey e.html:606:21
Entering in createElementTable called by createDirTableOfEntriesOfMfsDirPath e.html:726:21
Entering in createNameButtonOfMfsDirPath called by createDirTableOfEntriesOfMfsDirPath e.html:629:21
Entering in createElementTable called by createDirTableOfEntriesOfMfsDirPath e.html:726:21
Entering in linkIpfsHash called by createDirTableOfEntriesOfMfsDirPath e.html:565:21
Entering in createElementTable called by createDirTableOfEntriesOfMfsDirPath e.html:726:21
Entering in createElementTable called by createDirTableOfEntriesOfMfsDirPath e.html:726:21
Entering in createPinButtonOfHash called by createDirTableOfEntriesOfMfsDirPath e.html:363:21
Entering in updatePinButtonOfHash called by createPinButtonOfHash e.html:401:21
Entering in getPinStatus called by updatePinButtonOfHash e.html:432:21
Entering in createElementTable called by createDirTableOfEntriesOfMfsDirPath e.html:726:21
Entering in typeImageOfJsonOfKey called by createDirTableOfEntriesOfMfsDirPath e.html:615:21
Entering in typeOfJsonOfKey called by typeImageOfJsonOfKey e.html:593:21
Entering in imageOfType called by typeImageOfJsonOfKey e.html:606:21
Entering in createElementTable called by createDirTableOfEntriesOfMfsDirPath e.html:726:21
Entering in createNameButtonOfMfsDirPath called by createDirTableOfEntriesOfMfsDirPath e.html:629:21
Entering in createElementTable called by createDirTableOfEntriesOfMfsDirPath e.html:726:21
Entering in linkIpfsHash called by createDirTableOfEntriesOfMfsDirPath e.html:565:21
Entering in createElementTable called by createDirTableOfEntriesOfMfsDirPath e.html:726:21
Entering in createElementTable called by createDirTableOfEntriesOfMfsDirPath e.html:726:21
Entering in createPinButtonOfHash called by createDirTableOfEntriesOfMfsDirPath e.html:363:21
Entering in updatePinButtonOfHash called by createPinButtonOfHash e.html:401:21
Entering in getPinStatus called by updatePinButtonOfHash e.html:432:21
Entering in createElementTable called by createDirTableOfEntriesOfMfsDirPath e.html:726:21
Entering in typeImageOfJsonOfKey called by createDirTableOfEntriesOfMfsDirPath e.html:615:21
Entering in typeOfJsonOfKey called by typeImageOfJsonOfKey e.html:593:21
Entering in imageOfType called by typeImageOfJsonOfKey e.html:606:21
Entering in createElementTable called by createDirTableOfEntriesOfMfsDirPath e.html:726:21
Entering in createNameButtonOfMfsDirPath called by createDirTableOfEntriesOfMfsDirPath e.html:629:21
Entering in createElementTable called by createDirTableOfEntriesOfMfsDirPath e.html:726:21
Entering in linkIpfsHash called by createDirTableOfEntriesOfMfsDirPath e.html:565:21
Entering in createElementTable called by createDirTableOfEntriesOfMfsDirPath e.html:726:21
Entering in createElementTable called by createDirTableOfEntriesOfMfsDirPath e.html:726:21
Entering in createPinButtonOfHash called by createDirTableOfEntriesOfMfsDirPath e.html:363:21
Entering in updatePinButtonOfHash called by createPinButtonOfHash e.html:401:21
Entering in getPinStatus called by updatePinButtonOfHash e.html:432:21
Entering in createElementTable called by createDirTableOfEntriesOfMfsDirPath e.html:726:21
Entering in typeImageOfJsonOfKey called by createDirTableOfEntriesOfMfsDirPath e.html:615:21
Entering in typeOfJsonOfKey called by typeImageOfJsonOfKey e.html:593:21
Entering in imageOfType called by typeImageOfJsonOfKey e.html:606:21
Entering in createElementTable called by createDirTableOfEntriesOfMfsDirPath e.html:726:21
Entering in createNameButtonOfMfsDirPath called by createDirTableOfEntriesOfMfsDirPath e.html:629:21
Entering in createElementTable called by createDirTableOfEntriesOfMfsDirPath e.html:726:21
Entering in linkIpfsHash called by createDirTableOfEntriesOfMfsDirPath e.html:565:21
Entering in createElementTable called by createDirTableOfEntriesOfMfsDirPath e.html:726:21
Entering in createElementTable called by createDirTableOfEntriesOfMfsDirPath e.html:726:21
Entering in createPinButtonOfHash called by createDirTableOfEntriesOfMfsDirPath e.html:363:21
Entering in updatePinButtonOfHash called by createPinButtonOfHash e.html:401:21
Entering in getPinStatus called by updatePinButtonOfHash e.html:432:21
Entering in createElementTable called by createDirTableOfEntriesOfMfsDirPath e.html:726:21
Entering in typeImageOfJsonOfKey called by createDirTableOfEntriesOfMfsDirPath e.html:615:21
Entering in typeOfJsonOfKey called by typeImageOfJsonOfKey e.html:593:21
Entering in imageOfType called by typeImageOfJsonOfKey e.html:606:21
Entering in createElementTable called by createDirTableOfEntriesOfMfsDirPath e.html:726:21
Entering in createNameButtonOfMfsDirPath called by createDirTableOfEntriesOfMfsDirPath e.html:629:21
Entering in createElementTable called by createDirTableOfEntriesOfMfsDirPath e.html:726:21
Entering in linkIpfsHash called by createDirTableOfEntriesOfMfsDirPath e.html:565:21
Entering in createElementTable called by createDirTableOfEntriesOfMfsDirPath e.html:726:21
Entering in createElementTable called by createDirTableOfEntriesOfMfsDirPath e.html:726:21
Entering in createPinButtonOfHash called by createDirTableOfEntriesOfMfsDirPath e.html:363:21
Entering in updatePinButtonOfHash called by createPinButtonOfHash e.html:401:21
Entering in getPinStatus called by updatePinButtonOfHash e.html:432:21
Entering in createElementTable called by createDirTableOfEntriesOfMfsDirPath e.html:726:21
Entering in typeImageOfJsonOfKey called by createDirTableOfEntriesOfMfsDirPath e.html:615:21
Entering in typeOfJsonOfKey called by typeImageOfJsonOfKey e.html:593:21
Entering in imageOfType called by typeImageOfJsonOfKey e.html:606:21
Entering in createElementTable called by createDirTableOfEntriesOfMfsDirPath e.html:726:21
Entering in createNameButtonOfMfsDirPath called by createDirTableOfEntriesOfMfsDirPath e.html:629:21
Entering in createElementTable called by createDirTableOfEntriesOfMfsDirPath e.html:726:21
Entering in linkIpfsHash called by createDirTableOfEntriesOfMfsDirPath e.html:565:21
Entering in createElementTable called by createDirTableOfEntriesOfMfsDirPath e.html:726:21
Entering in addNameOnInputMfsDirPath called by onclick e.html:679:21
Entering in getForm called by onclick e.html:180:21
Entering in updateElementOfIdOfValue called by getForm 2 e.html:704:21
Entering in getHashAndTypeOfMfsPath called by getForm e.html:851:21
Entering in fetchGetJson called by getHashAndTypeOfMfsPath e.html:1073:21
Entering in callbackTuple called by getHashAndTypeOfMfsPath e.html:1031:21
Entering in getFileList called by getForm e.html:196:21
Entering in validate e.html:1140:35
Entering in linkIpfsHash called by substi e.html:565:21
Entering in updateElementOfIdOfValue called by substi 2 e.html:704:21
Entering in displayDirJson e.html:213:35
Entering in deleteActionsAndErrorTexts called by displayDirJson e.html:246:21
Entering in updateElementOfIdOfValue called by deleteActionsAndErrorTexts 4 e.html:704:21
Entering in deleteAllRowsOfTable called by displayDirJson e.html:257:21
Entering in updateElementOfIdOfValue called by displayDirJson e.html:704:21
Entering in createHeaderOfDirTable called by displayDirJson e.html:321:21
Entering in createElementTable called by createHeaderOfDirTable 5 e.html:726:21
Entering in createDirTableOfEntriesOfMfsDirPath called by displayDirJson e.html:335:21
Entering in createElementTable called by createDirTableOfEntriesOfMfsDirPath e.html:726:21
Entering in createPinButtonOfHash called by createDirTableOfEntriesOfMfsDirPath e.html:363:21
Entering in updatePinButtonOfHash called by createPinButtonOfHash e.html:401:21
Entering in getPinStatus called by updatePinButtonOfHash e.html:432:21
Entering in createElementTable called by createDirTableOfEntriesOfMfsDirPath e.html:726:21
Entering in typeImageOfJsonOfKey called by createDirTableOfEntriesOfMfsDirPath e.html:615:21
Entering in typeOfJsonOfKey called by typeImageOfJsonOfKey e.html:593:21
Entering in imageOfType called by typeImageOfJsonOfKey e.html:606:21
Entering in createElementTable called by createDirTableOfEntriesOfMfsDirPath e.html:726:21
Entering in createNameButtonOfMfsDirPath called by createDirTableOfEntriesOfMfsDirPath e.html:629:21
Entering in createElementTable called by createDirTableOfEntriesOfMfsDirPath e.html:726:21
Entering in linkIpfsHash called by createDirTableOfEntriesOfMfsDirPath e.html:565:21
Entering in createElementTable called by createDirTableOfEntriesOfMfsDirPath e.html:726:21
Entering in createElementTable called by createDirTableOfEntriesOfMfsDirPath e.html:726:21
Entering in createPinButtonOfHash called by createDirTableOfEntriesOfMfsDirPath e.html:363:21
Entering in updatePinButtonOfHash called by createPinButtonOfHash e.html:401:21
Entering in getPinStatus called by updatePinButtonOfHash e.html:432:21
Entering in createElementTable called by createDirTableOfEntriesOfMfsDirPath e.html:726:21
Entering in typeImageOfJsonOfKey called by createDirTableOfEntriesOfMfsDirPath e.html:615:21
Entering in typeOfJsonOfKey called by typeImageOfJsonOfKey e.html:593:21
Entering in imageOfType called by typeImageOfJsonOfKey e.html:606:21
Entering in createElementTable called by createDirTableOfEntriesOfMfsDirPath e.html:726:21
Entering in createNameButtonOfMfsDirPath called by createDirTableOfEntriesOfMfsDirPath e.html:629:21
Entering in createElementTable called by createDirTableOfEntriesOfMfsDirPath e.html:726:21
Entering in linkIpfsHash called by createDirTableOfEntriesOfMfsDirPath e.html:565:21
Entering in createElementTable called by createDirTableOfEntriesOfMfsDirPath e.html:726:21
Entering in createElementTable called by createDirTableOfEntriesOfMfsDirPath e.html:726:21
Entering in createPinButtonOfHash called by createDirTableOfEntriesOfMfsDirPath e.html:363:21
Entering in updatePinButtonOfHash called by createPinButtonOfHash e.html:401:21
Entering in getPinStatus called by updatePinButtonOfHash e.html:432:21
Entering in createElementTable called by createDirTableOfEntriesOfMfsDirPath e.html:726:21
Entering in typeImageOfJsonOfKey called by createDirTableOfEntriesOfMfsDirPath e.html:615:21
Entering in typeOfJsonOfKey called by typeImageOfJsonOfKey e.html:593:21
Entering in imageOfType called by typeImageOfJsonOfKey e.html:606:21
Entering in createElementTable called by createDirTableOfEntriesOfMfsDirPath e.html:726:21
Entering in createNameButtonOfMfsDirPath called by createDirTableOfEntriesOfMfsDirPath e.html:629:21
Entering in createElementTable called by createDirTableOfEntriesOfMfsDirPath e.html:726:21
Entering in linkIpfsHash called by createDirTableOfEntriesOfMfsDirPath e.html:565:21
Entering in createElementTable called by createDirTableOfEntriesOfMfsDirPath e.html:726:21
Entering in createElementTable called by createDirTableOfEntriesOfMfsDirPath e.html:726:21
Entering in createPinButtonOfHash called by createDirTableOfEntriesOfMfsDirPath e.html:363:21
Entering in updatePinButtonOfHash called by createPinButtonOfHash e.html:401:21
Entering in getPinStatus called by updatePinButtonOfHash e.html:432:21
Entering in createElementTable called by createDirTableOfEntriesOfMfsDirPath e.html:726:21
Entering in typeImageOfJsonOfKey called by createDirTableOfEntriesOfMfsDirPath e.html:615:21
Entering in typeOfJsonOfKey called by typeImageOfJsonOfKey e.html:593:21
Entering in imageOfType called by typeImageOfJsonOfKey e.html:606:21
Entering in createElementTable called by createDirTableOfEntriesOfMfsDirPath e.html:726:21
Entering in createNameButtonOfMfsDirPath called by createDirTableOfEntriesOfMfsDirPath e.html:629:21
Entering in createElementTable called by createDirTableOfEntriesOfMfsDirPath e.html:726:21
Entering in linkIpfsHash called by createDirTableOfEntriesOfMfsDirPath e.html:565:21
Entering in createElementTable called by createDirTableOfEntriesOfMfsDirPath e.html:726:21
Entering in addNameOfFileOnDeleteBlock called by onclick e.html:651:21
Entering in getFileContentOfHash called by addNameOfFileOnDeleteBlock e.html:738:21
Entering in fetchGetTextCors called by getFileContentOfHash e.html:1130:21
Entering in callback called by getFileContentOfHash e.html:993:21
Entering in keepOneRowOfRootNameOfTable called by addNameOfFileOnDeleteBlock e.html:271:21
Entering in deleteAllRowsOfTable called by keepOneRowOfRootNameOfTable e.html:257:21
Entering in createHeaderOfDirTable called by keepOneRowOfRootNameOfTable e.html:321:21
Entering in createElementTable called by createHeaderOfDirTable 5 e.html:726:21
Entering in createElementTable called by keepOneRowOfRootNameOfTable e.html:726:21
Entering in validate e.html:1140:35
Entering in displayByIdOfTagOfValue called by result e.html:1047:21

​