"None" -> "displayDirOnLoadWindow"
"onclick" -> "getForm"
"getForm" -> "updateElementOfIdOfValue"
"getForm" -> "getHashAndTypeOfMfsPath"
"getHashAndTypeOfMfsPath" -> "fetchGetJson"
"getHashAndTypeOfMfsPath" -> "callbackTuple"
"getForm" -> "getFileList"
"None" -> "validate"
"substi" -> "linkIpfsHash"
"substi" -> "updateElementOfIdOfValue"
"None" -> "displayDirJson"
"displayDirJson" -> "deleteActionsAndErrorTexts"
"deleteActionsAndErrorTexts" -> "updateElementOfIdOfValue"
"displayDirJson" -> "deleteAllRowsOfTable"
"displayDirJson" -> "updateElementOfIdOfValue"
"displayDirJson" -> "createHeaderOfDirTable"
"createHeaderOfDirTable" -> "createElementTable"
"displayDirJson" -> "createDirTableOfEntriesOfMfsDirPath"
"createDirTableOfEntriesOfMfsDirPath" -> "createElementTable"
"createDirTableOfEntriesOfMfsDirPath" -> "createPinButtonOfHash"
"createPinButtonOfHash" -> "updatePinButtonOfHash"
"updatePinButtonOfHash" -> "getPinStatus"
"createDirTableOfEntriesOfMfsDirPath" -> "createElementTable"
"createDirTableOfEntriesOfMfsDirPath" -> "typeImageOfJsonOfKey"
"typeImageOfJsonOfKey" -> "typeOfJsonOfKey"
"typeImageOfJsonOfKey" -> "imageOfType"
"createDirTableOfEntriesOfMfsDirPath" -> "createElementTable"
"createDirTableOfEntriesOfMfsDirPath" -> "createNameButtonOfMfsDirPath"
"createDirTableOfEntriesOfMfsDirPath" -> "createElementTable"
"createDirTableOfEntriesOfMfsDirPath" -> "linkIpfsHash"
"createDirTableOfEntriesOfMfsDirPath" -> "createElementTable"
"createDirTableOfEntriesOfMfsDirPath" -> "createElementTable"
"createDirTableOfEntriesOfMfsDirPath" -> "createPinButtonOfHash"
"createPinButtonOfHash" -> "updatePinButtonOfHash"
"updatePinButtonOfHash" -> "getPinStatus"
"createDirTableOfEntriesOfMfsDirPath" -> "createElementTable"
"createDirTableOfEntriesOfMfsDirPath" -> "typeImageOfJsonOfKey"
"typeImageOfJsonOfKey" -> "typeOfJsonOfKey"
"typeImageOfJsonOfKey" -> "imageOfType"
"createDirTableOfEntriesOfMfsDirPath" -> "createElementTable"
"createDirTableOfEntriesOfMfsDirPath" -> "createNameButtonOfMfsDirPath"
"createDirTableOfEntriesOfMfsDirPath" -> "createElementTable"
"createDirTableOfEntriesOfMfsDirPath" -> "linkIpfsHash"
"createDirTableOfEntriesOfMfsDirPath" -> "createElementTable"
"createDirTableOfEntriesOfMfsDirPath" -> "createElementTable"
"createDirTableOfEntriesOfMfsDirPath" -> "createPinButtonOfHash"
"createPinButtonOfHash" -> "updatePinButtonOfHash"
"updatePinButtonOfHash" -> "getPinStatus"
"createDirTableOfEntriesOfMfsDirPath" -> "createElementTable"
"createDirTableOfEntriesOfMfsDirPath" -> "typeImageOfJsonOfKey"
"typeImageOfJsonOfKey" -> "typeOfJsonOfKey"
"typeImageOfJsonOfKey" -> "imageOfType"
"createDirTableOfEntriesOfMfsDirPath" -> "createElementTable"
"createDirTableOfEntriesOfMfsDirPath" -> "createNameButtonOfMfsDirPath"
"createDirTableOfEntriesOfMfsDirPath" -> "createElementTable"
"createDirTableOfEntriesOfMfsDirPath" -> "linkIpfsHash"
"createDirTableOfEntriesOfMfsDirPath" -> "createElementTable"
"createDirTableOfEntriesOfMfsDirPath" -> "createElementTable"
"createDirTableOfEntriesOfMfsDirPath" -> "createPinButtonOfHash"
"createPinButtonOfHash" -> "updatePinButtonOfHash"
"updatePinButtonOfHash" -> "getPinStatus"
"createDirTableOfEntriesOfMfsDirPath" -> "createElementTable"
"createDirTableOfEntriesOfMfsDirPath" -> "typeImageOfJsonOfKey"
"typeImageOfJsonOfKey" -> "typeOfJsonOfKey"
"typeImageOfJsonOfKey" -> "imageOfType"
"createDirTableOfEntriesOfMfsDirPath" -> "createElementTable"
"createDirTableOfEntriesOfMfsDirPath" -> "createNameButtonOfMfsDirPath"
"createDirTableOfEntriesOfMfsDirPath" -> "createElementTable"
"createDirTableOfEntriesOfMfsDirPath" -> "linkIpfsHash"
"createDirTableOfEntriesOfMfsDirPath" -> "createElementTable"
"createDirTableOfEntriesOfMfsDirPath" -> "createElementTable"
"createDirTableOfEntriesOfMfsDirPath" -> "createPinButtonOfHash"
"createPinButtonOfHash" -> "updatePinButtonOfHash"
"updatePinButtonOfHash" -> "getPinStatus"
"createDirTableOfEntriesOfMfsDirPath" -> "createElementTable"
"createDirTableOfEntriesOfMfsDirPath" -> "typeImageOfJsonOfKey"
"typeImageOfJsonOfKey" -> "typeOfJsonOfKey"
"typeImageOfJsonOfKey" -> "imageOfType"
"createDirTableOfEntriesOfMfsDirPath" -> "createElementTable"
"createDirTableOfEntriesOfMfsDirPath" -> "createNameButtonOfMfsDirPath"
"createDirTableOfEntriesOfMfsDirPath" -> "createElementTable"
"createDirTableOfEntriesOfMfsDirPath" -> "linkIpfsHash"
"createDirTableOfEntriesOfMfsDirPath" -> "createElementTable"
"createDirTableOfEntriesOfMfsDirPath" -> "createElementTable"
"createDirTableOfEntriesOfMfsDirPath" -> "createPinButtonOfHash"
"createPinButtonOfHash" -> "updatePinButtonOfHash"
"updatePinButtonOfHash" -> "getPinStatus"
"createDirTableOfEntriesOfMfsDirPath" -> "createElementTable"
"createDirTableOfEntriesOfMfsDirPath" -> "typeImageOfJsonOfKey"
"typeImageOfJsonOfKey" -> "typeOfJsonOfKey"
"typeImageOfJsonOfKey" -> "imageOfType"
"createDirTableOfEntriesOfMfsDirPath" -> "createElementTable"
"createDirTableOfEntriesOfMfsDirPath" -> "createNameButtonOfMfsDirPath"
"createDirTableOfEntriesOfMfsDirPath" -> "createElementTable"
"createDirTableOfEntriesOfMfsDirPath" -> "linkIpfsHash"
"createDirTableOfEntriesOfMfsDirPath" -> "createElementTable"
"onclick" -> "addNameOnInputMfsDirPath"
"onclick" -> "getForm"
"getForm" -> "updateElementOfIdOfValue"
"getForm" -> "getHashAndTypeOfMfsPath"
"getHashAndTypeOfMfsPath" -> "fetchGetJson"
"getHashAndTypeOfMfsPath" -> "callbackTuple"
"getForm" -> "getFileList"
"substi" -> "linkIpfsHash"
"substi" -> "updateElementOfIdOfValue"
"None" -> "validate"
"None" -> "displayDirJson"
"displayDirJson" -> "deleteActionsAndErrorTexts"
"deleteActionsAndErrorTexts" -> "updateElementOfIdOfValue"
"displayDirJson" -> "deleteAllRowsOfTable"
"displayDirJson" -> "updateElementOfIdOfValue"
"displayDirJson" -> "createHeaderOfDirTable"
"createHeaderOfDirTable" -> "createElementTable"
"displayDirJson" -> "createDirTableOfEntriesOfMfsDirPath"
"createDirTableOfEntriesOfMfsDirPath" -> "createElementTable"
"createDirTableOfEntriesOfMfsDirPath" -> "createPinButtonOfHash"
"createPinButtonOfHash" -> "updatePinButtonOfHash"
"updatePinButtonOfHash" -> "getPinStatus"
"createDirTableOfEntriesOfMfsDirPath" -> "createElementTable"
"createDirTableOfEntriesOfMfsDirPath" -> "typeImageOfJsonOfKey"
"typeImageOfJsonOfKey" -> "typeOfJsonOfKey"
"typeImageOfJsonOfKey" -> "imageOfType"
"createDirTableOfEntriesOfMfsDirPath" -> "createElementTable"
"createDirTableOfEntriesOfMfsDirPath" -> "createNameButtonOfMfsDirPath"
"createDirTableOfEntriesOfMfsDirPath" -> "createElementTable"
"createDirTableOfEntriesOfMfsDirPath" -> "linkIpfsHash"
"createDirTableOfEntriesOfMfsDirPath" -> "createElementTable"
"createDirTableOfEntriesOfMfsDirPath" -> "createElementTable"
"createDirTableOfEntriesOfMfsDirPath" -> "createPinButtonOfHash"
"createPinButtonOfHash" -> "updatePinButtonOfHash"
"updatePinButtonOfHash" -> "getPinStatus"
"createDirTableOfEntriesOfMfsDirPath" -> "createElementTable"
"createDirTableOfEntriesOfMfsDirPath" -> "typeImageOfJsonOfKey"
"typeImageOfJsonOfKey" -> "typeOfJsonOfKey"
"typeImageOfJsonOfKey" -> "imageOfType"
"createDirTableOfEntriesOfMfsDirPath" -> "createElementTable"
"createDirTableOfEntriesOfMfsDirPath" -> "createNameButtonOfMfsDirPath"
"createDirTableOfEntriesOfMfsDirPath" -> "createElementTable"
"createDirTableOfEntriesOfMfsDirPath" -> "linkIpfsHash"
"createDirTableOfEntriesOfMfsDirPath" -> "createElementTable"
"createDirTableOfEntriesOfMfsDirPath" -> "createElementTable"
"createDirTableOfEntriesOfMfsDirPath" -> "createPinButtonOfHash"
"createPinButtonOfHash" -> "updatePinButtonOfHash"
"updatePinButtonOfHash" -> "getPinStatus"
"createDirTableOfEntriesOfMfsDirPath" -> "createElementTable"
"createDirTableOfEntriesOfMfsDirPath" -> "typeImageOfJsonOfKey"
"typeImageOfJsonOfKey" -> "typeOfJsonOfKey"
"typeImageOfJsonOfKey" -> "imageOfType"
"createDirTableOfEntriesOfMfsDirPath" -> "createElementTable"
"createDirTableOfEntriesOfMfsDirPath" -> "createNameButtonOfMfsDirPath"
"createDirTableOfEntriesOfMfsDirPath" -> "createElementTable"
"createDirTableOfEntriesOfMfsDirPath" -> "linkIpfsHash"
"createDirTableOfEntriesOfMfsDirPath" -> "createElementTable"
"onclick" -> "addNameOfFileOnDeleteBlock"
"addNameOfFileOnDeleteBlock" -> "getFileContentOfHash"
"getFileContentOfHash" -> "fetchGetTextCors"
"getFileContentOfHash" -> "callback"
"addNameOfFileOnDeleteBlock" -> "keepOneRowOfRootNameOfTable"
"keepOneRowOfRootNameOfTable" -> "deleteAllRowsOfTable"
"keepOneRowOfRootNameOfTable" -> "createHeaderOfDirTable"
"createHeaderOfDirTable" -> "createElementTable"
"keepOneRowOfRootNameOfTable" -> "createElementTable"
"None" -> "validate"
"result" -> "displayByIdOfTagOfValue"
