"displayJson" -> "createHeaderOfTable"
"createHeaderOfTable" -> "createElementTable"
"displayJson" -> "createTableOfEntriesOfMfsDirPath"
"createTableOfEntriesOfMfsDirPath" -> "createElementTable"
"createTableOfEntriesOfMfsDirPath" -> "createPinButtonOfHash"
"createPinButtonOfHash" -> "updatePinButtonOfHash"
"updatePinButtonOfHash" -> "getPinStatus"
"createTableOfEntriesOfMfsDirPath" -> "createElementTable"
"typeImageOfJsonOfKey" -> "imageOfType"
"createTableOfEntriesOfMfsDirPath" -> "createElementTable"
"createTableOfEntriesOfMfsDirPath" -> "createNameButtonOfMfsDirPath"
"createTableOfEntriesOfMfsDirPath" -> "createElementTable"
"createTableOfEntriesOfMfsDirPath" -> "linkIpfsHash"
"createTableOfEntriesOfMfsDirPath" -> "createElementTable"
"createTableOfEntriesOfMfsDirPath" -> "createElementTable"
"createTableOfEntriesOfMfsDirPath" -> "createPinButtonOfHash"
"createPinButtonOfHash" -> "updatePinButtonOfHash"
"updatePinButtonOfHash" -> "getPinStatus"
"createTableOfEntriesOfMfsDirPath" -> "createElementTable"
"typeImageOfJsonOfKey" -> "imageOfType"
"createTableOfEntriesOfMfsDirPath" -> "createElementTable"
"createTableOfEntriesOfMfsDirPath" -> "createNameButtonOfMfsDirPath"
"createTableOfEntriesOfMfsDirPath" -> "createElementTable"
"createTableOfEntriesOfMfsDirPath" -> "linkIpfsHash"
"createTableOfEntriesOfMfsDirPath" -> "createElementTable"
"createTableOfEntriesOfMfsDirPath" -> "createElementTable"
"createTableOfEntriesOfMfsDirPath" -> "createPinButtonOfHash"
"createPinButtonOfHash" -> "updatePinButtonOfHash"
"updatePinButtonOfHash" -> "getPinStatus"
"createTableOfEntriesOfMfsDirPath" -> "createElementTable"
"typeImageOfJsonOfKey" -> "imageOfType"
"createTableOfEntriesOfMfsDirPath" -> "createElementTable"
"createTableOfEntriesOfMfsDirPath" -> "createNameButtonOfMfsDirPath"
"createTableOfEntriesOfMfsDirPath" -> "createElementTable"
"createTableOfEntriesOfMfsDirPath" -> "linkIpfsHash"
"createTableOfEntriesOfMfsDirPath" -> "createElementTable"
"writeOfMfsFilePathOfContent/<" -> "getCurrentMfsDirectory"
"getCurrentMfsDirectory" -> "getFormOfName"
"getCurrentMfsDirectory" -> "mfsPathOfForm"
"getCurrentMfsDirectory" -> "updateElementOfIdOfValue"
"getCurrentMfsDirectory" -> "updateElementOfIdOfValue"
"getCurrentMfsDirectory" -> "getHashAndTypeOfMfsPath"
"getHashAndTypeOfMfsPath" -> "callbackTuple"
"getCurrentMfsDirectory" -> "getFileList"
"substi" -> "linkIpfsHash"
"substi" -> "updateElementOfIdOfValue"
"substi" -> "updateElementOfIdOfValue"
"main" -> "validate"
"main" -> "displayJson"
"displayJson" -> "deleteActionsAndErrorTexts"
"deleteActionsAndErrorTexts" -> "updateElementOfIdOfValue"
"deleteActionsAndErrorTexts" -> "updateElementOfIdOfValue"
"deleteActionsAndErrorTexts" -> "updateElementOfIdOfValue"
"displayJson" -> "deleteAllRowsOfTable"
"displayJson" -> "updateElementOfIdOfValue"
"displayJson" -> "createHeaderOfTable"
"createHeaderOfTable" -> "createElementTable"
"displayJson" -> "createTableOfEntriesOfMfsDirPath"
"createTableOfEntriesOfMfsDirPath" -> "createElementTable"
"createTableOfEntriesOfMfsDirPath" -> "createPinButtonOfHash"
"createPinButtonOfHash" -> "updatePinButtonOfHash"
"updatePinButtonOfHash" -> "getPinStatus"
"createTableOfEntriesOfMfsDirPath" -> "createElementTable"
"typeImageOfJsonOfKey" -> "imageOfType"
"createTableOfEntriesOfMfsDirPath" -> "createElementTable"
"createTableOfEntriesOfMfsDirPath" -> "createNameButtonOfMfsDirPath"
"createTableOfEntriesOfMfsDirPath" -> "createElementTable"
"createTableOfEntriesOfMfsDirPath" -> "linkIpfsHash"
"createTableOfEntriesOfMfsDirPath" -> "createElementTable"
"createTableOfEntriesOfMfsDirPath" -> "createElementTable"
"createTableOfEntriesOfMfsDirPath" -> "createPinButtonOfHash"
"createPinButtonOfHash" -> "updatePinButtonOfHash"
"updatePinButtonOfHash" -> "getPinStatus"
"createTableOfEntriesOfMfsDirPath" -> "createElementTable"
"typeImageOfJsonOfKey" -> "imageOfType"
"createTableOfEntriesOfMfsDirPath" -> "createElementTable"
"createTableOfEntriesOfMfsDirPath" -> "createNameButtonOfMfsDirPath"
"createTableOfEntriesOfMfsDirPath" -> "createElementTable"
"createTableOfEntriesOfMfsDirPath" -> "linkIpfsHash"
"createTableOfEntriesOfMfsDirPath" -> "createElementTable"
"createTableOfEntriesOfMfsDirPath" -> "createElementTable"
"createTableOfEntriesOfMfsDirPath" -> "createPinButtonOfHash"
"createPinButtonOfHash" -> "updatePinButtonOfHash"
"updatePinButtonOfHash" -> "getPinStatus"
"createTableOfEntriesOfMfsDirPath" -> "createElementTable"
"typeImageOfJsonOfKey" -> "imageOfType"
"createTableOfEntriesOfMfsDirPath" -> "createElementTable"
"createTableOfEntriesOfMfsDirPath" -> "createNameButtonOfMfsDirPath"
"createTableOfEntriesOfMfsDirPath" -> "createElementTable"
"createTableOfEntriesOfMfsDirPath" -> "linkIpfsHash"
"createTableOfEntriesOfMfsDirPath" -> "createElementTable"
"createTableOfEntriesOfMfsDirPath" -> "createElementTable"
"createTableOfEntriesOfMfsDirPath" -> "createPinButtonOfHash"
"createPinButtonOfHash" -> "updatePinButtonOfHash"
"updatePinButtonOfHash" -> "getPinStatus"
"createTableOfEntriesOfMfsDirPath" -> "createElementTable"
"typeImageOfJsonOfKey" -> "imageOfType"
"createTableOfEntriesOfMfsDirPath" -> "createElementTable"
"createTableOfEntriesOfMfsDirPath" -> "createNameButtonOfMfsDirPath"
"createTableOfEntriesOfMfsDirPath" -> "createElementTable"
"createTableOfEntriesOfMfsDirPath" -> "linkIpfsHash"
"createTableOfEntriesOfMfsDirPath" -> "createElementTable"
"onclick" -> "createDirectory"
"valueInputTextOfFormOfNameOfId" -> "getFormOfName"
"createDirectory/<" -> "getCurrentMfsDirectory"
"getCurrentMfsDirectory" -> "getFormOfName"
"getCurrentMfsDirectory" -> "mfsPathOfForm"
"getCurrentMfsDirectory" -> "updateElementOfIdOfValue"
"getCurrentMfsDirectory" -> "updateElementOfIdOfValue"
"getCurrentMfsDirectory" -> "getHashAndTypeOfMfsPath"
"getHashAndTypeOfMfsPath" -> "callbackTuple"
"getCurrentMfsDirectory" -> "getFileList"
"main" -> "validate"
"substi" -> "linkIpfsHash"
"substi" -> "updateElementOfIdOfValue"
"substi" -> "updateElementOfIdOfValue"
"main" -> "displayJson"
"displayJson" -> "deleteActionsAndErrorTexts"
"deleteActionsAndErrorTexts" -> "updateElementOfIdOfValue"
"deleteActionsAndErrorTexts" -> "updateElementOfIdOfValue"
"deleteActionsAndErrorTexts" -> "updateElementOfIdOfValue"
"displayJson" -> "deleteAllRowsOfTable"
"displayJson" -> "updateElementOfIdOfValue"
"displayJson" -> "createHeaderOfTable"
"createHeaderOfTable" -> "createElementTable"
"displayJson" -> "createTableOfEntriesOfMfsDirPath"
"createTableOfEntriesOfMfsDirPath" -> "createElementTable"
"createTableOfEntriesOfMfsDirPath" -> "createPinButtonOfHash"
"createPinButtonOfHash" -> "updatePinButtonOfHash"
"updatePinButtonOfHash" -> "getPinStatus"
"createTableOfEntriesOfMfsDirPath" -> "createElementTable"
"typeImageOfJsonOfKey" -> "imageOfType"
"createTableOfEntriesOfMfsDirPath" -> "createElementTable"
"createTableOfEntriesOfMfsDirPath" -> "createNameButtonOfMfsDirPath"
"createTableOfEntriesOfMfsDirPath" -> "createElementTable"
"createTableOfEntriesOfMfsDirPath" -> "linkIpfsHash"
"createTableOfEntriesOfMfsDirPath" -> "createElementTable"
"createTableOfEntriesOfMfsDirPath" -> "createElementTable"
"createTableOfEntriesOfMfsDirPath" -> "createPinButtonOfHash"
"createPinButtonOfHash" -> "updatePinButtonOfHash"
"updatePinButtonOfHash" -> "getPinStatus"
"createTableOfEntriesOfMfsDirPath" -> "createElementTable"
"typeImageOfJsonOfKey" -> "imageOfType"
"createTableOfEntriesOfMfsDirPath" -> "createElementTable"
"createTableOfEntriesOfMfsDirPath" -> "createNameButtonOfMfsDirPath"
"createTableOfEntriesOfMfsDirPath" -> "createElementTable"
"createTableOfEntriesOfMfsDirPath" -> "linkIpfsHash"
"createTableOfEntriesOfMfsDirPath" -> "createElementTable"
"createTableOfEntriesOfMfsDirPath" -> "createElementTable"
"createTableOfEntriesOfMfsDirPath" -> "createPinButtonOfHash"
"createPinButtonOfHash" -> "updatePinButtonOfHash"
"updatePinButtonOfHash" -> "getPinStatus"
"createTableOfEntriesOfMfsDirPath" -> "createElementTable"
"typeImageOfJsonOfKey" -> "imageOfType"
"createTableOfEntriesOfMfsDirPath" -> "createElementTable"
"createTableOfEntriesOfMfsDirPath" -> "createNameButtonOfMfsDirPath"
"createTableOfEntriesOfMfsDirPath" -> "createElementTable"
"createTableOfEntriesOfMfsDirPath" -> "linkIpfsHash"
"createTableOfEntriesOfMfsDirPath" -> "createElementTable"
"createTableOfEntriesOfMfsDirPath" -> "createElementTable"
"createTableOfEntriesOfMfsDirPath" -> "createPinButtonOfHash"
"createPinButtonOfHash" -> "updatePinButtonOfHash"
"updatePinButtonOfHash" -> "getPinStatus"
"createTableOfEntriesOfMfsDirPath" -> "createElementTable"
"typeImageOfJsonOfKey" -> "imageOfType"
"createTableOfEntriesOfMfsDirPath" -> "createElementTable"
"createTableOfEntriesOfMfsDirPath" -> "createNameButtonOfMfsDirPath"
"createTableOfEntriesOfMfsDirPath" -> "createElementTable"
"createTableOfEntriesOfMfsDirPath" -> "linkIpfsHash"
"createTableOfEntriesOfMfsDirPath" -> "createElementTable"
"createTableOfEntriesOfMfsDirPath" -> "createElementTable"
"createTableOfEntriesOfMfsDirPath" -> "createPinButtonOfHash"
"createPinButtonOfHash" -> "updatePinButtonOfHash"
"updatePinButtonOfHash" -> "getPinStatus"
"createTableOfEntriesOfMfsDirPath" -> "createElementTable"
"typeImageOfJsonOfKey" -> "imageOfType"
"createTableOfEntriesOfMfsDirPath" -> "createElementTable"
"createTableOfEntriesOfMfsDirPath" -> "createNameButtonOfMfsDirPath"
"createTableOfEntriesOfMfsDirPath" -> "createElementTable"
"createTableOfEntriesOfMfsDirPath" -> "linkIpfsHash"
"createTableOfEntriesOfMfsDirPath" -> "createElementTable"
"onclick" -> "addNameOnInputMfsPath"
"addNameOnInputMfsPath" -> "getCurrentMfsDirectory"
"getCurrentMfsDirectory" -> "getFormOfName"
"getCurrentMfsDirectory" -> "mfsPathOfForm"
"getCurrentMfsDirectory" -> "updateElementOfIdOfValue"
"getCurrentMfsDirectory" -> "updateElementOfIdOfValue"
"getCurrentMfsDirectory" -> "getHashAndTypeOfMfsPath"
"getHashAndTypeOfMfsPath" -> "callbackTuple"
"getCurrentMfsDirectory" -> "getFileList"
"main" -> "validate"
"substi" -> "linkIpfsHash"
"substi" -> "updateElementOfIdOfValue"
"substi" -> "updateElementOfIdOfValue"
"main" -> "displayJson"
"displayJson" -> "deleteActionsAndErrorTexts"
"deleteActionsAndErrorTexts" -> "updateElementOfIdOfValue"
"deleteActionsAndErrorTexts" -> "updateElementOfIdOfValue"
"deleteActionsAndErrorTexts" -> "updateElementOfIdOfValue"
"displayJson" -> "deleteAllRowsOfTable"
"displayJson" -> "updateElementOfIdOfValue"
"displayJson" -> "createHeaderOfTable"
"createHeaderOfTable" -> "createElementTable"
"displayJson" -> "createTableOfEntriesOfMfsDirPath"
"createTableOfEntriesOfMfsDirPath" -> "createElementTable"
"createTableOfEntriesOfMfsDirPath" -> "createPinButtonOfHash"
"createPinButtonOfHash" -> "updatePinButtonOfHash"
"updatePinButtonOfHash" -> "getPinStatus"
"createTableOfEntriesOfMfsDirPath" -> "createElementTable"
"typeImageOfJsonOfKey" -> "imageOfType"
"createTableOfEntriesOfMfsDirPath" -> "createElementTable"
"createTableOfEntriesOfMfsDirPath" -> "createNameButtonOfMfsDirPath"
"createTableOfEntriesOfMfsDirPath" -> "createElementTable"
"createTableOfEntriesOfMfsDirPath" -> "linkIpfsHash"
"createTableOfEntriesOfMfsDirPath" -> "createElementTable"
"onclick" -> "copyHashOrMfsToMfs"
"copyHashOrMfsToMfs" -> "provideByName"
"copyHashOrMfsToMfs" -> "provideByName"
"main" -> "validate"
"createTableForFileOfNameOfHash" -> "updateElementOfIdOfValue"
"createTableForFileOfNameOfHash" -> "deleteAllRowsOfTable"
"createTableForFileOfNameOfHash" -> "createHeaderOfTable"
"createHeaderOfTable" -> "createElementTable"
"createTableForFileOfNameOfHash" -> "createElementTable"
"createTableForFileOfNameOfHash" -> "createPinButtonOfHash"
"createPinButtonOfHash" -> "updatePinButtonOfHash"
"updatePinButtonOfHash" -> "getPinStatus"
"createTableForFileOfNameOfHash" -> "createElementTable"
"createTableForFileOfNameOfHash" -> "linkIpfsHash"
"createTableForFileOfNameOfHash" -> "createElementTable"
"createTableForFileOfNameOfHash" -> "createElementTable"
"createTableForFileOfNameOfHash" -> "createElementTable"
"createTableForFileOfNameOfHash" -> "buttonDeleteFile"
"createTableForFileOfNameOfHash" -> "createElementTable"
"displayFileContentOfHash" -> "getHash"
"main" -> "validate"
"onclick" -> "removeOfMfsPath"
"main" -> "validate"
"removeOfMfsPath/<" -> "getCurrentMfsDirectory"
"getCurrentMfsDirectory" -> "getFormOfName"
"getCurrentMfsDirectory" -> "mfsPathOfForm"
"getCurrentMfsDirectory" -> "updateElementOfIdOfValue"
"getCurrentMfsDirectory" -> "updateElementOfIdOfValue"
"getCurrentMfsDirectory" -> "getHashAndTypeOfMfsPath"
"getHashAndTypeOfMfsPath" -> "callbackTuple"
"getCurrentMfsDirectory" -> "getFileList"
"removeOfMfsPath/<" -> "updateElementOfIdOfValue"
"main" -> "validate"
"substi" -> "linkIpfsHash"
"substi" -> "updateElementOfIdOfValue"
"substi" -> "updateElementOfIdOfValue"
"main" -> "displayJson"
"displayJson" -> "deleteActionsAndErrorTexts"
"deleteActionsAndErrorTexts" -> "updateElementOfIdOfValue"
"deleteActionsAndErrorTexts" -> "updateElementOfIdOfValue"
"deleteActionsAndErrorTexts" -> "updateElementOfIdOfValue"
"displayJson" -> "deleteAllRowsOfTable"
"displayJson" -> "updateElementOfIdOfValue"
"logError" -> "updateElementOfIdOfValue"
