"createHeaderOfTable" -> "displayJson"
"createElementTable" -> "createHeaderOfTable"
"createTableOfEntriesOfMfsDirPath" -> "displayJson"
"createElementTable" -> "createTableOfEntriesOfMfsDirPath"
"createPinButtonOfHash" -> "createTableOfEntriesOfMfsDirPath"
"updatePinButtonOfHash" -> "createPinButtonOfHash"
"getPinStatus" -> "updatePinButtonOfHash"
"createElementTable" -> "createTableOfEntriesOfMfsDirPath"
"imageOfType" -> "typeImageOfJsonOfKey"
"createElementTable" -> "createTableOfEntriesOfMfsDirPath"
"createNameButtonOfMfsDirPath" -> "createTableOfEntriesOfMfsDirPath"
"createElementTable" -> "createTableOfEntriesOfMfsDirPath"
"linkIpfsHash" -> "createTableOfEntriesOfMfsDirPath"
"createElementTable" -> "createTableOfEntriesOfMfsDirPath"
"createElementTable" -> "createTableOfEntriesOfMfsDirPath"
"createPinButtonOfHash" -> "createTableOfEntriesOfMfsDirPath"
"updatePinButtonOfHash" -> "createPinButtonOfHash"
"getPinStatus" -> "updatePinButtonOfHash"
"createElementTable" -> "createTableOfEntriesOfMfsDirPath"
"imageOfType" -> "typeImageOfJsonOfKey"
"createElementTable" -> "createTableOfEntriesOfMfsDirPath"
"createNameButtonOfMfsDirPath" -> "createTableOfEntriesOfMfsDirPath"
"createElementTable" -> "createTableOfEntriesOfMfsDirPath"
"linkIpfsHash" -> "createTableOfEntriesOfMfsDirPath"
"createElementTable" -> "createTableOfEntriesOfMfsDirPath"
"createElementTable" -> "createTableOfEntriesOfMfsDirPath"
"createPinButtonOfHash" -> "createTableOfEntriesOfMfsDirPath"
"updatePinButtonOfHash" -> "createPinButtonOfHash"
"getPinStatus" -> "updatePinButtonOfHash"
"createElementTable" -> "createTableOfEntriesOfMfsDirPath"
"imageOfType" -> "typeImageOfJsonOfKey"
"createElementTable" -> "createTableOfEntriesOfMfsDirPath"
"createNameButtonOfMfsDirPath" -> "createTableOfEntriesOfMfsDirPath"
"createElementTable" -> "createTableOfEntriesOfMfsDirPath"
"linkIpfsHash" -> "createTableOfEntriesOfMfsDirPath"
"createElementTable" -> "createTableOfEntriesOfMfsDirPath"
"getCurrentMfsDirectory" -> "writeOfMfsFilePathOfContent/<"
"getFormOfName" -> "getCurrentMfsDirectory"
"mfsPathOfForm" -> "getCurrentMfsDirectory"
"updateElementOfIdOfValue" -> "getCurrentMfsDirectory"
"updateElementOfIdOfValue" -> "getCurrentMfsDirectory"
"getHashAndTypeOfMfsPath" -> "getCurrentMfsDirectory"
"callbackTuple" -> "getHashAndTypeOfMfsPath"
"getFileList" -> "getCurrentMfsDirectory"
"linkIpfsHash" -> "substi"
"updateElementOfIdOfValue" -> "substi"
"updateElementOfIdOfValue" -> "substi"
"validate" -> "main"
"displayJson" -> "main"
"deleteActionsAndErrorTexts" -> "displayJson"
"updateElementOfIdOfValue" -> "deleteActionsAndErrorTexts"
"updateElementOfIdOfValue" -> "deleteActionsAndErrorTexts"
"updateElementOfIdOfValue" -> "deleteActionsAndErrorTexts"
"deleteAllRowsOfTable" -> "displayJson"
"updateElementOfIdOfValue" -> "displayJson"
"createHeaderOfTable" -> "displayJson"
"createElementTable" -> "createHeaderOfTable"
"createTableOfEntriesOfMfsDirPath" -> "displayJson"
"createElementTable" -> "createTableOfEntriesOfMfsDirPath"
"createPinButtonOfHash" -> "createTableOfEntriesOfMfsDirPath"
"updatePinButtonOfHash" -> "createPinButtonOfHash"
"getPinStatus" -> "updatePinButtonOfHash"
"createElementTable" -> "createTableOfEntriesOfMfsDirPath"
"imageOfType" -> "typeImageOfJsonOfKey"
"createElementTable" -> "createTableOfEntriesOfMfsDirPath"
"createNameButtonOfMfsDirPath" -> "createTableOfEntriesOfMfsDirPath"
"createElementTable" -> "createTableOfEntriesOfMfsDirPath"
"linkIpfsHash" -> "createTableOfEntriesOfMfsDirPath"
"createElementTable" -> "createTableOfEntriesOfMfsDirPath"
"createElementTable" -> "createTableOfEntriesOfMfsDirPath"
"createPinButtonOfHash" -> "createTableOfEntriesOfMfsDirPath"
"updatePinButtonOfHash" -> "createPinButtonOfHash"
"getPinStatus" -> "updatePinButtonOfHash"
"createElementTable" -> "createTableOfEntriesOfMfsDirPath"
"imageOfType" -> "typeImageOfJsonOfKey"
"createElementTable" -> "createTableOfEntriesOfMfsDirPath"
"createNameButtonOfMfsDirPath" -> "createTableOfEntriesOfMfsDirPath"
"createElementTable" -> "createTableOfEntriesOfMfsDirPath"
"linkIpfsHash" -> "createTableOfEntriesOfMfsDirPath"
"createElementTable" -> "createTableOfEntriesOfMfsDirPath"
"createElementTable" -> "createTableOfEntriesOfMfsDirPath"
"createPinButtonOfHash" -> "createTableOfEntriesOfMfsDirPath"
"updatePinButtonOfHash" -> "createPinButtonOfHash"
"getPinStatus" -> "updatePinButtonOfHash"
"createElementTable" -> "createTableOfEntriesOfMfsDirPath"
"imageOfType" -> "typeImageOfJsonOfKey"
"createElementTable" -> "createTableOfEntriesOfMfsDirPath"
"createNameButtonOfMfsDirPath" -> "createTableOfEntriesOfMfsDirPath"
"createElementTable" -> "createTableOfEntriesOfMfsDirPath"
"linkIpfsHash" -> "createTableOfEntriesOfMfsDirPath"
"createElementTable" -> "createTableOfEntriesOfMfsDirPath"
"createElementTable" -> "createTableOfEntriesOfMfsDirPath"
"createPinButtonOfHash" -> "createTableOfEntriesOfMfsDirPath"
"updatePinButtonOfHash" -> "createPinButtonOfHash"
"getPinStatus" -> "updatePinButtonOfHash"
"createElementTable" -> "createTableOfEntriesOfMfsDirPath"
"imageOfType" -> "typeImageOfJsonOfKey"
"createElementTable" -> "createTableOfEntriesOfMfsDirPath"
"createNameButtonOfMfsDirPath" -> "createTableOfEntriesOfMfsDirPath"
"createElementTable" -> "createTableOfEntriesOfMfsDirPath"
"linkIpfsHash" -> "createTableOfEntriesOfMfsDirPath"
"createElementTable" -> "createTableOfEntriesOfMfsDirPath"
"createDirectory" -> "onclick"
"getFormOfName" -> "valueInputTextOfFormOfNameOfId"
"getCurrentMfsDirectory" -> "createDirectory/<"
"getFormOfName" -> "getCurrentMfsDirectory"
"mfsPathOfForm" -> "getCurrentMfsDirectory"
"updateElementOfIdOfValue" -> "getCurrentMfsDirectory"
"updateElementOfIdOfValue" -> "getCurrentMfsDirectory"
"getHashAndTypeOfMfsPath" -> "getCurrentMfsDirectory"
"callbackTuple" -> "getHashAndTypeOfMfsPath"
"getFileList" -> "getCurrentMfsDirectory"
"validate" -> "main"
"linkIpfsHash" -> "substi"
"updateElementOfIdOfValue" -> "substi"
"updateElementOfIdOfValue" -> "substi"
"displayJson" -> "main"
"deleteActionsAndErrorTexts" -> "displayJson"
"updateElementOfIdOfValue" -> "deleteActionsAndErrorTexts"
"updateElementOfIdOfValue" -> "deleteActionsAndErrorTexts"
"updateElementOfIdOfValue" -> "deleteActionsAndErrorTexts"
"deleteAllRowsOfTable" -> "displayJson"
"updateElementOfIdOfValue" -> "displayJson"
"createHeaderOfTable" -> "displayJson"
"createElementTable" -> "createHeaderOfTable"
"createTableOfEntriesOfMfsDirPath" -> "displayJson"
"createElementTable" -> "createTableOfEntriesOfMfsDirPath"
"createPinButtonOfHash" -> "createTableOfEntriesOfMfsDirPath"
"updatePinButtonOfHash" -> "createPinButtonOfHash"
"getPinStatus" -> "updatePinButtonOfHash"
"createElementTable" -> "createTableOfEntriesOfMfsDirPath"
"imageOfType" -> "typeImageOfJsonOfKey"
"createElementTable" -> "createTableOfEntriesOfMfsDirPath"
"createNameButtonOfMfsDirPath" -> "createTableOfEntriesOfMfsDirPath"
"createElementTable" -> "createTableOfEntriesOfMfsDirPath"
"linkIpfsHash" -> "createTableOfEntriesOfMfsDirPath"
"createElementTable" -> "createTableOfEntriesOfMfsDirPath"
"createElementTable" -> "createTableOfEntriesOfMfsDirPath"
"createPinButtonOfHash" -> "createTableOfEntriesOfMfsDirPath"
"updatePinButtonOfHash" -> "createPinButtonOfHash"
"getPinStatus" -> "updatePinButtonOfHash"
"createElementTable" -> "createTableOfEntriesOfMfsDirPath"
"imageOfType" -> "typeImageOfJsonOfKey"
"createElementTable" -> "createTableOfEntriesOfMfsDirPath"
"createNameButtonOfMfsDirPath" -> "createTableOfEntriesOfMfsDirPath"
"createElementTable" -> "createTableOfEntriesOfMfsDirPath"
"linkIpfsHash" -> "createTableOfEntriesOfMfsDirPath"
"createElementTable" -> "createTableOfEntriesOfMfsDirPath"
"createElementTable" -> "createTableOfEntriesOfMfsDirPath"
"createPinButtonOfHash" -> "createTableOfEntriesOfMfsDirPath"
"updatePinButtonOfHash" -> "createPinButtonOfHash"
"getPinStatus" -> "updatePinButtonOfHash"
"createElementTable" -> "createTableOfEntriesOfMfsDirPath"
"imageOfType" -> "typeImageOfJsonOfKey"
"createElementTable" -> "createTableOfEntriesOfMfsDirPath"
"createNameButtonOfMfsDirPath" -> "createTableOfEntriesOfMfsDirPath"
"createElementTable" -> "createTableOfEntriesOfMfsDirPath"
"linkIpfsHash" -> "createTableOfEntriesOfMfsDirPath"
"createElementTable" -> "createTableOfEntriesOfMfsDirPath"
"createElementTable" -> "createTableOfEntriesOfMfsDirPath"
"createPinButtonOfHash" -> "createTableOfEntriesOfMfsDirPath"
"updatePinButtonOfHash" -> "createPinButtonOfHash"
"getPinStatus" -> "updatePinButtonOfHash"
"createElementTable" -> "createTableOfEntriesOfMfsDirPath"
"imageOfType" -> "typeImageOfJsonOfKey"
"createElementTable" -> "createTableOfEntriesOfMfsDirPath"
"createNameButtonOfMfsDirPath" -> "createTableOfEntriesOfMfsDirPath"
"createElementTable" -> "createTableOfEntriesOfMfsDirPath"
"linkIpfsHash" -> "createTableOfEntriesOfMfsDirPath"
"createElementTable" -> "createTableOfEntriesOfMfsDirPath"
"createElementTable" -> "createTableOfEntriesOfMfsDirPath"
"createPinButtonOfHash" -> "createTableOfEntriesOfMfsDirPath"
"updatePinButtonOfHash" -> "createPinButtonOfHash"
"getPinStatus" -> "updatePinButtonOfHash"
"createElementTable" -> "createTableOfEntriesOfMfsDirPath"
"imageOfType" -> "typeImageOfJsonOfKey"
"createElementTable" -> "createTableOfEntriesOfMfsDirPath"
"createNameButtonOfMfsDirPath" -> "createTableOfEntriesOfMfsDirPath"
"createElementTable" -> "createTableOfEntriesOfMfsDirPath"
"linkIpfsHash" -> "createTableOfEntriesOfMfsDirPath"
"createElementTable" -> "createTableOfEntriesOfMfsDirPath"
"addNameOnInputMfsPath" -> "onclick"
"getCurrentMfsDirectory" -> "addNameOnInputMfsPath"
"getFormOfName" -> "getCurrentMfsDirectory"
"mfsPathOfForm" -> "getCurrentMfsDirectory"
"updateElementOfIdOfValue" -> "getCurrentMfsDirectory"
"updateElementOfIdOfValue" -> "getCurrentMfsDirectory"
"getHashAndTypeOfMfsPath" -> "getCurrentMfsDirectory"
"callbackTuple" -> "getHashAndTypeOfMfsPath"
"getFileList" -> "getCurrentMfsDirectory"
"validate" -> "main"
"linkIpfsHash" -> "substi"
"updateElementOfIdOfValue" -> "substi"
"updateElementOfIdOfValue" -> "substi"
"displayJson" -> "main"
"deleteActionsAndErrorTexts" -> "displayJson"
"updateElementOfIdOfValue" -> "deleteActionsAndErrorTexts"
"updateElementOfIdOfValue" -> "deleteActionsAndErrorTexts"
"updateElementOfIdOfValue" -> "deleteActionsAndErrorTexts"
"deleteAllRowsOfTable" -> "displayJson"
"updateElementOfIdOfValue" -> "displayJson"
"createHeaderOfTable" -> "displayJson"
"createElementTable" -> "createHeaderOfTable"
"createTableOfEntriesOfMfsDirPath" -> "displayJson"
"createElementTable" -> "createTableOfEntriesOfMfsDirPath"
"createPinButtonOfHash" -> "createTableOfEntriesOfMfsDirPath"
"updatePinButtonOfHash" -> "createPinButtonOfHash"
"getPinStatus" -> "updatePinButtonOfHash"
"createElementTable" -> "createTableOfEntriesOfMfsDirPath"
"imageOfType" -> "typeImageOfJsonOfKey"
"createElementTable" -> "createTableOfEntriesOfMfsDirPath"
"createNameButtonOfMfsDirPath" -> "createTableOfEntriesOfMfsDirPath"
"createElementTable" -> "createTableOfEntriesOfMfsDirPath"
"linkIpfsHash" -> "createTableOfEntriesOfMfsDirPath"
"createElementTable" -> "createTableOfEntriesOfMfsDirPath"
"copyHashOrMfsToMfs" -> "onclick"
"provideByName" -> "copyHashOrMfsToMfs"
"provideByName" -> "copyHashOrMfsToMfs"
"validate" -> "main"
"updateElementOfIdOfValue" -> "createTableForFileOfNameOfHash"
"deleteAllRowsOfTable" -> "createTableForFileOfNameOfHash"
"createHeaderOfTable" -> "createTableForFileOfNameOfHash"
"createElementTable" -> "createHeaderOfTable"
"createElementTable" -> "createTableForFileOfNameOfHash"
"createPinButtonOfHash" -> "createTableForFileOfNameOfHash"
"updatePinButtonOfHash" -> "createPinButtonOfHash"
"getPinStatus" -> "updatePinButtonOfHash"
"createElementTable" -> "createTableForFileOfNameOfHash"
"linkIpfsHash" -> "createTableForFileOfNameOfHash"
"createElementTable" -> "createTableForFileOfNameOfHash"
"createElementTable" -> "createTableForFileOfNameOfHash"
"createElementTable" -> "createTableForFileOfNameOfHash"
"buttonDeleteFile" -> "createTableForFileOfNameOfHash"
"createElementTable" -> "createTableForFileOfNameOfHash"
"getHash" -> "displayFileContentOfHash"
"validate" -> "main"
"removeOfMfsPath" -> "onclick"
"validate" -> "main"
"getCurrentMfsDirectory" -> "removeOfMfsPath/<"
"getFormOfName" -> "getCurrentMfsDirectory"
"mfsPathOfForm" -> "getCurrentMfsDirectory"
"updateElementOfIdOfValue" -> "getCurrentMfsDirectory"
"updateElementOfIdOfValue" -> "getCurrentMfsDirectory"
"getHashAndTypeOfMfsPath" -> "getCurrentMfsDirectory"
"callbackTuple" -> "getHashAndTypeOfMfsPath"
"getFileList" -> "getCurrentMfsDirectory"
"updateElementOfIdOfValue" -> "removeOfMfsPath/<"
"validate" -> "main"
"linkIpfsHash" -> "substi"
"updateElementOfIdOfValue" -> "substi"
"updateElementOfIdOfValue" -> "substi"
"displayJson" -> "main"
"deleteActionsAndErrorTexts" -> "displayJson"
"updateElementOfIdOfValue" -> "deleteActionsAndErrorTexts"
"updateElementOfIdOfValue" -> "deleteActionsAndErrorTexts"
"updateElementOfIdOfValue" -> "deleteActionsAndErrorTexts"
"deleteAllRowsOfTable" -> "displayJson"
"updateElementOfIdOfValue" -> "displayJson"
"updateElementOfIdOfValue" -> "logError"
