"createElementTable" -> "createTableOfEntriesOfMfsDirPath"
"createNameButtonOfMfsDirPath" -> "createTableOfEntriesOfMfsDirPath"
"createElementTable" -> "createTableOfEntriesOfMfsDirPath"
"createElementTable" -> "createTableOfEntriesOfMfsDirPath"
"createElementTable" -> "createTableOfEntriesOfMfsDirPath"
"createElementTable" -> "createTableOfEntriesOfMfsDirPath"
"createElementTable" -> "createTableOfEntriesOfMfsDirPath"
"createNameButtonOfMfsDirPath" -> "createTableOfEntriesOfMfsDirPath"
"createElementTable" -> "createTableOfEntriesOfMfsDirPath"
"createElementTable" -> "createTableOfEntriesOfMfsDirPath"
"createElementTable" -> "createTableOfEntriesOfMfsDirPath"
"createElementTable" -> "createTableOfEntriesOfMfsDirPath"
"createElementTable" -> "createTableOfEntriesOfMfsDirPath"
"createNameButtonOfMfsDirPath" -> "createTableOfEntriesOfMfsDirPath"
"createElementTable" -> "createTableOfEntriesOfMfsDirPath"
"createElementTable" -> "createTableOfEntriesOfMfsDirPath"
"createElementTable" -> "createTableOfEntriesOfMfsDirPath"
"createElementTable" -> "createTableOfEntriesOfMfsDirPath"
"createElementTable" -> "createTableOfEntriesOfMfsDirPath"
"createNameButtonOfMfsDirPath" -> "createTableOfEntriesOfMfsDirPath"
"createElementTable" -> "createTableOfEntriesOfMfsDirPath"
"createElementTable" -> "createTableOfEntriesOfMfsDirPath"
"addNameOnInputMfsPath" -> "onclick"
"getCurrentMfsDirectory" -> "addNameOnInputMfsPath"
"getFormOfName" -> "getCurrentMfsDirectory"
"getFileList" -> "getCurrentMfsDirectory"
"displayJson" -> "main"
"deleteActionsAndErrorTexts" -> "displayJson"
"deleteAllRowsOfTable" -> "displayJson"
"createHeaderOfTable" -> "displayJson"
"createElementTable" -> "createHeaderOfTable"
"createTableOfEntriesOfMfsDirPath" -> "displayJson"
"createElementTable" -> "createTableOfEntriesOfMfsDirPath"
"createElementTable" -> "createTableOfEntriesOfMfsDirPath"
"createElementTable" -> "createTableOfEntriesOfMfsDirPath"
"createNameButtonOfMfsDirPath" -> "createTableOfEntriesOfMfsDirPath"
"createElementTable" -> "createTableOfEntriesOfMfsDirPath"
"createElementTable" -> "createTableOfEntriesOfMfsDirPath"
"createElementTable" -> "createTableOfEntriesOfMfsDirPath"
"createElementTable" -> "createTableOfEntriesOfMfsDirPath"
"createElementTable" -> "createTableOfEntriesOfMfsDirPath"
"createNameButtonOfMfsDirPath" -> "createTableOfEntriesOfMfsDirPath"
"createElementTable" -> "createTableOfEntriesOfMfsDirPath"
"createElementTable" -> "createTableOfEntriesOfMfsDirPath"
"addNameOnInputMfsPath" -> "onclick"
"getCurrentMfsDirectory" -> "addNameOnInputMfsPath"
"getFormOfName" -> "getCurrentMfsDirectory"
"getFileList" -> "getCurrentMfsDirectory"
"displayJson" -> "main"
"deleteActionsAndErrorTexts" -> "displayJson"
"deleteAllRowsOfTable" -> "displayJson"
"createHeaderOfTable" -> "displayJson"
"createElementTable" -> "createHeaderOfTable"
"createTableOfEntriesOfMfsDirPath" -> "displayJson"
"createElementTable" -> "createTableOfEntriesOfMfsDirPath"
"createElementTable" -> "createTableOfEntriesOfMfsDirPath"
"createElementTable" -> "createTableOfEntriesOfMfsDirPath"
"createNameButtonOfMfsDirPath" -> "createTableOfEntriesOfMfsDirPath"
"createElementTable" -> "createTableOfEntriesOfMfsDirPath"
"createElementTable" -> "createTableOfEntriesOfMfsDirPath"
"getFormOfName" -> "valueInputTextOfFormOfNameOfId"
"getCurrentMfsDirectory" -> "createDirectory/<"
"getFormOfName" -> "getCurrentMfsDirectory"
"getFileList" -> "getCurrentMfsDirectory"
"displayJson" -> "main"
"deleteActionsAndErrorTexts" -> "displayJson"
"deleteAllRowsOfTable" -> "displayJson"
"createHeaderOfTable" -> "displayJson"
"createElementTable" -> "createHeaderOfTable"
"createTableOfEntriesOfMfsDirPath" -> "displayJson"
"createElementTable" -> "createTableOfEntriesOfMfsDirPath"
"createElementTable" -> "createTableOfEntriesOfMfsDirPath"
"createElementTable" -> "createTableOfEntriesOfMfsDirPath"
"createNameButtonOfMfsDirPath" -> "createTableOfEntriesOfMfsDirPath"
"createElementTable" -> "createTableOfEntriesOfMfsDirPath"
"createElementTable" -> "createTableOfEntriesOfMfsDirPath"
"createElementTable" -> "createTableOfEntriesOfMfsDirPath"
"createElementTable" -> "createTableOfEntriesOfMfsDirPath"
"createElementTable" -> "createTableOfEntriesOfMfsDirPath"
"createNameButtonOfMfsDirPath" -> "createTableOfEntriesOfMfsDirPath"
"createElementTable" -> "createTableOfEntriesOfMfsDirPath"
"createElementTable" -> "createTableOfEntriesOfMfsDirPath"
"addNameOnInputMfsPath" -> "onclick"
"getCurrentMfsDirectory" -> "addNameOnInputMfsPath"
"getFormOfName" -> "getCurrentMfsDirectory"
"getFileList" -> "getCurrentMfsDirectory"
"displayJson" -> "main"
"deleteActionsAndErrorTexts" -> "displayJson"
"deleteAllRowsOfTable" -> "displayJson"
"uploadFileToCurrentMfs" -> "onclick"
"getFormOfName" -> "uploadFileToCurrentMfs"
"getFormOfName" -> "valueInputFileOfFormOfNameOfId"
"getFormOfName" -> "valueInputTextOfFormOfNameOfId"
"getCurrentMfsDirectory" -> "uploadFileToCurrentMfs"
"getFormOfName" -> "getCurrentMfsDirectory"
"getFileList" -> "getCurrentMfsDirectory"
"writeOfMfsFilePathOfContent" -> "uploadFileToCurrentMfs/reader.onload"
"displayJson" -> "main"
"deleteActionsAndErrorTexts" -> "displayJson"
"deleteAllRowsOfTable" -> "displayJson"
"getCurrentMfsDirectory" -> "writeOfMfsFilePathOfContent/<"
"getFormOfName" -> "getCurrentMfsDirectory"
"getFileList" -> "getCurrentMfsDirectory"
"displayJson" -> "main"
"deleteActionsAndErrorTexts" -> "displayJson"
"deleteAllRowsOfTable" -> "displayJson"
"createHeaderOfTable" -> "displayJson"
"createElementTable" -> "createHeaderOfTable"
"createTableOfEntriesOfMfsDirPath" -> "displayJson"
"createElementTable" -> "createTableOfEntriesOfMfsDirPath"
"createElementTable" -> "createTableOfEntriesOfMfsDirPath"
"createElementTable" -> "createTableOfEntriesOfMfsDirPath"
"createNameButtonOfMfsDirPath" -> "createTableOfEntriesOfMfsDirPath"
"createElementTable" -> "createTableOfEntriesOfMfsDirPath"
"createElementTable" -> "createTableOfEntriesOfMfsDirPath"
"copyHashOrMfsToMfs" -> "onclick"
"provideByName" -> "copyHashOrMfsToMfs"
"provideByName" -> "copyHashOrMfsToMfs"
""
""
"​"
